2019-04-12 11:41:06,209 INFO  o.h.validator.internal.util.Version - HV000001: Hibernate Validator 5.2.2.Final
2019-04-12 11:41:06,331 INFO  o.s.c.a.AnnotationConfigApplicationContext - Refreshing org.springframework.context.annotation.AnnotationConfigApplicationContext@8febf75: startup date [Fri Apr 12 11:41:06 UTC 2019]; root of context hierarchy
2019-04-12 11:41:06,553 INFO  o.s.b.f.a.AutowiredAnnotationBeanPostProcessor - JSR-330 'javax.inject.Inject' annotation found and supported for autowiring
2019-04-12 11:41:06,646 INFO  o.s.c.s.PostProcessorRegistrationDelegate$BeanPostProcessorChecker - Bean 'configurationPropertiesRebinderAutoConfiguration' of type [class org.springframework.cloud.autoconfigure.ConfigurationPropertiesRebinderAutoConfiguration$$EnhancerBySpringCGLIB$$49c6a624] is not eligible for getting processed by all BeanPostProcessors (for example: not eligible for auto-proxying)
2019-04-12 11:41:06,994 INFO  o.s.c.c.c.ConfigServicePropertySourceLocator - Fetching config from server at: http://localhost:8888
2019-04-12 11:41:07,164 WARN  o.s.c.c.c.ConfigServicePropertySourceLocator - Could not locate PropertySource: I/O error on GET request for "http://localhost:8888/application/default": Connection refused (Connection refused); nested exception is java.net.ConnectException: Connection refused (Connection refused)
2019-04-12 11:41:07,166 INFO  com.capitalone.dashboard.Application - No profiles are active
2019-04-12 11:41:07,186 INFO  o.s.c.a.AnnotationConfigApplicationContext - Refreshing org.springframework.context.annotation.AnnotationConfigApplicationContext@2daf81d9: startup date [Fri Apr 12 11:41:07 UTC 2019]; parent: org.springframework.context.annotation.AnnotationConfigApplicationContext@8febf75
2019-04-12 11:41:08,403 INFO  o.s.cloud.context.scope.GenericScope - BeanFactory id=5f4a378e-a95a-3efe-86c9-4412eff8dde1
2019-04-12 11:41:08,408 INFO  c.u.j.EnableEncryptablePropertySourcesPostProcessor - Post-processing PropertySource instances
2019-04-12 11:41:08,419 INFO  c.u.j.c.StringEncryptorConfiguration - String Encryptor custom Bean not found with name 'jasyptStringEncryptor'. Initializing String Encryptor based on properties with name 'jasyptStringEncryptor'
2019-04-12 11:41:08,426 INFO  c.u.j.EnableEncryptablePropertySourcesPostProcessor - Converting PropertySource commandLineArgs [org.springframework.core.env.SimpleCommandLinePropertySource] to EncryptableEnumerablePropertySourceWrapper
2019-04-12 11:41:08,426 INFO  c.u.j.EnableEncryptablePropertySourcesPostProcessor - Converting PropertySource systemProperties [org.springframework.core.env.MapPropertySource] to EncryptableMapPropertySourceWrapper
2019-04-12 11:41:08,426 INFO  c.u.j.EnableEncryptablePropertySourcesPostProcessor - Converting PropertySource systemEnvironment [org.springframework.core.env.SystemEnvironmentPropertySource] to EncryptableMapPropertySourceWrapper
2019-04-12 11:41:08,426 INFO  c.u.j.EnableEncryptablePropertySourcesPostProcessor - Converting PropertySource random [org.springframework.boot.context.config.RandomValuePropertySource] to EncryptablePropertySourceWrapper
2019-04-12 11:41:08,427 INFO  c.u.j.EnableEncryptablePropertySourcesPostProcessor - Converting PropertySource applicationConfig: [file:application.properties] [org.springframework.core.env.PropertiesPropertySource] to EncryptableMapPropertySourceWrapper
2019-04-12 11:41:08,427 INFO  c.u.j.EnableEncryptablePropertySourcesPostProcessor - Converting PropertySource applicationConfig: [file:./application.properties] [org.springframework.core.env.PropertiesPropertySource] to EncryptableMapPropertySourceWrapper
2019-04-12 11:41:08,427 INFO  c.u.j.EnableEncryptablePropertySourcesPostProcessor - Converting PropertySource springCloudClientHostInfo [org.springframework.core.env.MapPropertySource] to EncryptableMapPropertySourceWrapper
2019-04-12 11:41:08,427 INFO  c.u.j.EnableEncryptablePropertySourcesPostProcessor - Converting PropertySource defaultProperties [org.springframework.core.env.MapPropertySource] to EncryptableMapPropertySourceWrapper
2019-04-12 11:41:08,431 INFO  o.s.b.f.a.AutowiredAnnotationBeanPostProcessor - JSR-330 'javax.inject.Inject' annotation found and supported for autowiring
2019-04-12 11:41:08,481 INFO  o.s.c.s.PostProcessorRegistrationDelegate$BeanPostProcessorChecker - Bean 'org.springframework.cloud.autoconfigure.ConfigurationPropertiesRebinderAutoConfiguration' of type [class org.springframework.cloud.autoconfigure.ConfigurationPropertiesRebinderAutoConfiguration$$EnhancerBySpringCGLIB$$49c6a624] is not eligible for getting processed by all BeanPostProcessors (for example: not eligible for auto-proxying)
2019-04-12 11:41:08,559 INFO  o.s.s.c.ThreadPoolTaskScheduler - Initializing ExecutorService  'taskScheduler'
2019-04-12 11:41:08,633 INFO  c.c.dashboard.config.MongoConfig - ReplicaSet
2019-04-12 11:41:08,722 INFO  c.c.dashboard.config.MongoConfig - Initializing Mongo Client server at: localhost:27017
2019-04-12 11:41:08,756 INFO  org.mongodb.driver.cluster - Cluster created with settings {hosts=[localhost:27017], mode=SINGLE, requiredClusterType=UNKNOWN, serverSelectionTimeout='30000 ms', maxWaitQueueSize=500}
2019-04-12 11:41:08,830 INFO  c.c.dashboard.config.MongoConfig - Connecting to Mongo: Mongo{options=MongoClientOptions{description='null', readPreference=primary, writeConcern=WriteConcern{w=1, wtimeout=0, fsync=false, j=false, codecRegistry=org.bson.codecs.configuration.ProvidersCodecRegistry@d609a8e1, minConnectionsPerHost=0, maxConnectionsPerHost=100, threadsAllowedToBlockForConnectionMultiplier=5, serverSelectionTimeout=30000, maxWaitTime=120000, maxConnectionIdleTime=0, maxConnectionLifeTime=0, connectTimeout=10000, socketTimeout=0, socketKeepAlive=false, sslEnabled=false, sslInvalidHostNamesAllowed=false, alwaysUseMBeans=false, heartbeatFrequency=10000, minHeartbeatFrequency=500, heartbeatConnectTimeout=20000, heartbeatSocketTimeout=20000, localThreshold=15, requiredReplicaSetName='null', dbDecoderFactory=com.mongodb.DefaultDBDecoder$1@346e321e, dbEncoderFactory=com.mongodb.DefaultDBEncoder$1@54fa3c4a, socketFactory=javax.net.DefaultSocketFactory@766af88e, cursorFinalizerEnabled=true, connectionPoolSettings=ConnectionPoolSettings{maxSize=100, minSize=0, maxWaitQueueSize=500, maxWaitTimeMS=120000, maxConnectionLifeTimeMS=0, maxConnectionIdleTimeMS=0, maintenanceInitialDelayMS=0, maintenanceFrequencyMS=60000}, socketSettings=SocketSettings{connectTimeoutMS=10000, readTimeoutMS=0, keepAlive=false, receiveBufferSize=0, sendBufferSize=0}, serverSettings=ServerSettings{heartbeatFrequencyMS=10000, minHeartbeatFrequencyMS=500}, heartbeatSocketSettings=SocketSettings{connectTimeoutMS=20000, readTimeoutMS=20000, keepAlive=false, receiveBufferSize=0, sendBufferSize=0}}}
2019-04-12 11:41:08,880 INFO  org.mongodb.driver.connection - Opened connection [connectionId{localValue:1, serverValue:1626703}] to localhost:27017
2019-04-12 11:41:08,884 INFO  org.mongodb.driver.cluster - Monitor thread successfully connected to server with description ServerDescription{address=localhost:27017, type=STANDALONE, state=CONNECTED, ok=true, version=ServerVersion{versionList=[4, 0, 4]}, minWireVersion=0, maxWireVersion=7, electionId=null, maxDocumentSize=16777216, roundTripTimeNanos=3565314}
2019-04-12 11:41:09,437 INFO  org.mongodb.driver.connection - Opened connection [connectionId{localValue:2, serverValue:1626704}] to localhost:27017
2019-04-12 11:41:09,786 INFO  c.c.dashboard.config.MongoConfig - ReplicaSet
2019-04-12 11:41:09,786 INFO  c.c.dashboard.config.MongoConfig - Initializing Mongo Client server at: localhost:27017
2019-04-12 11:41:09,787 INFO  org.mongodb.driver.cluster - Cluster created with settings {hosts=[localhost:27017], mode=SINGLE, requiredClusterType=UNKNOWN, serverSelectionTimeout='30000 ms', maxWaitQueueSize=500}
2019-04-12 11:41:09,792 INFO  org.mongodb.driver.connection - Opened connection [connectionId{localValue:3, serverValue:1626705}] to localhost:27017
2019-04-12 11:41:09,793 INFO  org.mongodb.driver.cluster - Monitor thread successfully connected to server with description ServerDescription{address=localhost:27017, type=STANDALONE, state=CONNECTED, ok=true, version=ServerVersion{versionList=[4, 0, 4]}, minWireVersion=0, maxWireVersion=7, electionId=null, maxDocumentSize=16777216, roundTripTimeNanos=1528005}
2019-04-12 11:41:09,795 INFO  c.c.dashboard.config.MongoConfig - Connecting to Mongo: Mongo{options=MongoClientOptions{description='null', readPreference=primary, writeConcern=WriteConcern{w=1, wtimeout=0, fsync=false, j=false, codecRegistry=org.bson.codecs.configuration.ProvidersCodecRegistry@d609a8e1, minConnectionsPerHost=0, maxConnectionsPerHost=100, threadsAllowedToBlockForConnectionMultiplier=5, serverSelectionTimeout=30000, maxWaitTime=120000, maxConnectionIdleTime=0, maxConnectionLifeTime=0, connectTimeout=10000, socketTimeout=0, socketKeepAlive=false, sslEnabled=false, sslInvalidHostNamesAllowed=false, alwaysUseMBeans=false, heartbeatFrequency=10000, minHeartbeatFrequency=500, heartbeatConnectTimeout=20000, heartbeatSocketTimeout=20000, localThreshold=15, requiredReplicaSetName='null', dbDecoderFactory=com.mongodb.DefaultDBDecoder$1@346e321e, dbEncoderFactory=com.mongodb.DefaultDBEncoder$1@54fa3c4a, socketFactory=javax.net.DefaultSocketFactory@766af88e, cursorFinalizerEnabled=true, connectionPoolSettings=ConnectionPoolSettings{maxSize=100, minSize=0, maxWaitQueueSize=500, maxWaitTimeMS=120000, maxConnectionLifeTimeMS=0, maxConnectionIdleTimeMS=0, maintenanceInitialDelayMS=0, maintenanceFrequencyMS=60000}, socketSettings=SocketSettings{connectTimeoutMS=10000, readTimeoutMS=0, keepAlive=false, receiveBufferSize=0, sendBufferSize=0}, serverSettings=ServerSettings{heartbeatFrequencyMS=10000, minHeartbeatFrequencyMS=500}, heartbeatSocketSettings=SocketSettings{connectTimeoutMS=20000, readTimeoutMS=20000, keepAlive=false, receiveBufferSize=0, sendBufferSize=0}}}
2019-04-12 11:41:09,804 INFO  c.c.dashboard.config.MongoConfig - ReplicaSet
2019-04-12 11:41:09,804 INFO  c.c.dashboard.config.MongoConfig - Initializing Mongo Client server at: localhost:27017
2019-04-12 11:41:09,805 INFO  org.mongodb.driver.cluster - Cluster created with settings {hosts=[localhost:27017], mode=SINGLE, requiredClusterType=UNKNOWN, serverSelectionTimeout='30000 ms', maxWaitQueueSize=500}
2019-04-12 11:41:09,806 INFO  c.c.dashboard.config.MongoConfig - Connecting to Mongo: Mongo{options=MongoClientOptions{description='null', readPreference=primary, writeConcern=WriteConcern{w=1, wtimeout=0, fsync=false, j=false, codecRegistry=org.bson.codecs.configuration.ProvidersCodecRegistry@d609a8e1, minConnectionsPerHost=0, maxConnectionsPerHost=100, threadsAllowedToBlockForConnectionMultiplier=5, serverSelectionTimeout=30000, maxWaitTime=120000, maxConnectionIdleTime=0, maxConnectionLifeTime=0, connectTimeout=10000, socketTimeout=0, socketKeepAlive=false, sslEnabled=false, sslInvalidHostNamesAllowed=false, alwaysUseMBeans=false, heartbeatFrequency=10000, minHeartbeatFrequency=500, heartbeatConnectTimeout=20000, heartbeatSocketTimeout=20000, localThreshold=15, requiredReplicaSetName='null', dbDecoderFactory=com.mongodb.DefaultDBDecoder$1@346e321e, dbEncoderFactory=com.mongodb.DefaultDBEncoder$1@54fa3c4a, socketFactory=javax.net.DefaultSocketFactory@766af88e, cursorFinalizerEnabled=true, connectionPoolSettings=ConnectionPoolSettings{maxSize=100, minSize=0, maxWaitQueueSize=500, maxWaitTimeMS=120000, maxConnectionLifeTimeMS=0, maxConnectionIdleTimeMS=0, maintenanceInitialDelayMS=0, maintenanceFrequencyMS=60000}, socketSettings=SocketSettings{connectTimeoutMS=10000, readTimeoutMS=0, keepAlive=false, receiveBufferSize=0, sendBufferSize=0}, serverSettings=ServerSettings{heartbeatFrequencyMS=10000, minHeartbeatFrequencyMS=500}, heartbeatSocketSettings=SocketSettings{connectTimeoutMS=20000, readTimeoutMS=20000, keepAlive=false, receiveBufferSize=0, sendBufferSize=0}}}
2019-04-12 11:41:09,809 INFO  org.mongodb.driver.connection - Opened connection [connectionId{localValue:4, serverValue:1626706}] to localhost:27017
2019-04-12 11:41:09,809 INFO  org.mongodb.driver.cluster - Monitor thread successfully connected to server with description ServerDescription{address=localhost:27017, type=STANDALONE, state=CONNECTED, ok=true, version=ServerVersion{versionList=[4, 0, 4]}, minWireVersion=0, maxWireVersion=7, electionId=null, maxDocumentSize=16777216, roundTripTimeNanos=481314}
2019-04-12 11:41:10,411 INFO  c.c.dashboard.config.MongoConfig - ReplicaSet
2019-04-12 11:41:10,412 INFO  c.c.dashboard.config.MongoConfig - Initializing Mongo Client server at: localhost:27017
2019-04-12 11:41:10,412 INFO  org.mongodb.driver.cluster - Cluster created with settings {hosts=[localhost:27017], mode=SINGLE, requiredClusterType=UNKNOWN, serverSelectionTimeout='30000 ms', maxWaitQueueSize=500}
2019-04-12 11:41:10,413 INFO  c.c.dashboard.config.MongoConfig - Connecting to Mongo: Mongo{options=MongoClientOptions{description='null', readPreference=primary, writeConcern=WriteConcern{w=1, wtimeout=0, fsync=false, j=false, codecRegistry=org.bson.codecs.configuration.ProvidersCodecRegistry@d609a8e1, minConnectionsPerHost=0, maxConnectionsPerHost=100, threadsAllowedToBlockForConnectionMultiplier=5, serverSelectionTimeout=30000, maxWaitTime=120000, maxConnectionIdleTime=0, maxConnectionLifeTime=0, connectTimeout=10000, socketTimeout=0, socketKeepAlive=false, sslEnabled=false, sslInvalidHostNamesAllowed=false, alwaysUseMBeans=false, heartbeatFrequency=10000, minHeartbeatFrequency=500, heartbeatConnectTimeout=20000, heartbeatSocketTimeout=20000, localThreshold=15, requiredReplicaSetName='null', dbDecoderFactory=com.mongodb.DefaultDBDecoder$1@346e321e, dbEncoderFactory=com.mongodb.DefaultDBEncoder$1@54fa3c4a, socketFactory=javax.net.DefaultSocketFactory@766af88e, cursorFinalizerEnabled=true, connectionPoolSettings=ConnectionPoolSettings{maxSize=100, minSize=0, maxWaitQueueSize=500, maxWaitTimeMS=120000, maxConnectionLifeTimeMS=0, maxConnectionIdleTimeMS=0, maintenanceInitialDelayMS=0, maintenanceFrequencyMS=60000}, socketSettings=SocketSettings{connectTimeoutMS=10000, readTimeoutMS=0, keepAlive=false, receiveBufferSize=0, sendBufferSize=0}, serverSettings=ServerSettings{heartbeatFrequencyMS=10000, minHeartbeatFrequencyMS=500}, heartbeatSocketSettings=SocketSettings{connectTimeoutMS=20000, readTimeoutMS=20000, keepAlive=false, receiveBufferSize=0, sendBufferSize=0}}}
2019-04-12 11:41:10,419 INFO  org.mongodb.driver.connection - Opened connection [connectionId{localValue:5, serverValue:1626707}] to localhost:27017
2019-04-12 11:41:10,420 INFO  org.mongodb.driver.cluster - Monitor thread successfully connected to server with description ServerDescription{address=localhost:27017, type=STANDALONE, state=CONNECTED, ok=true, version=ServerVersion{versionList=[4, 0, 4]}, minWireVersion=0, maxWireVersion=7, electionId=null, maxDocumentSize=16777216, roundTripTimeNanos=845189}
2019-04-12 11:41:11,325 INFO  o.s.j.e.a.AnnotationMBeanExporter - Registering beans for JMX exposure on startup
2019-04-12 11:41:11,334 INFO  o.s.j.e.a.AnnotationMBeanExporter - Bean with name 'configurationPropertiesRebinder' has been autodetected for JMX exposure
2019-04-12 11:41:11,335 INFO  o.s.j.e.a.AnnotationMBeanExporter - Bean with name 'environmentManager' has been autodetected for JMX exposure
2019-04-12 11:41:11,336 INFO  o.s.j.e.a.AnnotationMBeanExporter - Bean with name 'refreshScope' has been autodetected for JMX exposure
2019-04-12 11:41:11,338 INFO  o.s.j.e.a.AnnotationMBeanExporter - Located managed bean 'environmentManager': registering with JMX server as MBean [org.springframework.cloud.context.environment:name=environmentManager,type=EnvironmentManager]
2019-04-12 11:41:11,350 INFO  o.s.j.e.a.AnnotationMBeanExporter - Located managed bean 'refreshScope': registering with JMX server as MBean [org.springframework.cloud.context.scope.refresh:name=refreshScope,type=RefreshScope]
2019-04-12 11:41:11,358 INFO  o.s.j.e.a.AnnotationMBeanExporter - Located managed bean 'configurationPropertiesRebinder': registering with JMX server as MBean [org.springframework.cloud.context.properties:name=configurationPropertiesRebinder,context=2daf81d9,type=ConfigurationPropertiesRebinder]
2019-04-12 11:41:11,402 INFO  com.capitalone.dashboard.Application - Started Application in 5.577 seconds (JVM running for 6.275)
2019-04-12 11:42:00,000 INFO  c.c.d.collector.CollectorTask - Running Collector: UDeploy
2019-04-12 11:42:00,009 INFO  c.c.d.collector.CollectorTask - -----------------------------------
2019-04-12 11:42:00,010 INFO  c.c.d.collector.CollectorTask - https://prducd01:8443
2019-04-12 11:42:00,010 INFO  c.c.d.collector.CollectorTask - -----------------------------------
2019-04-12 11:42:00,735 INFO  c.c.d.collector.CollectorTask - All apps              117        0s
2019-04-12 11:42:00,945 INFO  c.c.d.collector.CollectorTask - New apps                0        0s
2019-04-12 11:42:03,776 INFO  c.c.d.collector.CollectorTask -  CommercialGateway               2s
2019-04-12 11:42:03,777 INFO  c.c.d.collector.CollectorTask - Finished                         3s
2019-04-12 11:43:00,000 INFO  c.c.d.collector.CollectorTask - Running Collector: UDeploy
2019-04-12 11:43:00,007 INFO  c.c.d.collector.CollectorTask - -----------------------------------
2019-04-12 11:43:00,007 INFO  c.c.d.collector.CollectorTask - https://prducd01:8443
2019-04-12 11:43:00,007 INFO  c.c.d.collector.CollectorTask - -----------------------------------
2019-04-12 11:43:00,382 INFO  c.c.d.collector.CollectorTask - All apps              117        0s
2019-04-12 11:43:00,545 INFO  c.c.d.collector.CollectorTask - New apps                0        0s
2019-04-12 11:43:03,339 INFO  c.c.d.collector.CollectorTask -  CommercialGateway               2s
2019-04-12 11:43:03,339 INFO  c.c.d.collector.CollectorTask - Finished                         3s
2019-04-12 11:44:00,001 INFO  c.c.d.collector.CollectorTask - Running Collector: UDeploy
2019-04-12 11:44:00,005 INFO  c.c.d.collector.CollectorTask - -----------------------------------
2019-04-12 11:44:00,005 INFO  c.c.d.collector.CollectorTask - https://prducd01:8443
2019-04-12 11:44:00,005 INFO  c.c.d.collector.CollectorTask - -----------------------------------
2019-04-12 11:44:00,371 INFO  c.c.d.collector.CollectorTask - All apps              117        0s
2019-04-12 11:44:00,515 INFO  c.c.d.collector.CollectorTask - New apps                0        0s
2019-04-12 11:44:03,304 INFO  c.c.d.collector.CollectorTask -  CommercialGateway               2s
2019-04-12 11:44:03,305 INFO  c.c.d.collector.CollectorTask - Finished                         3s
2019-04-12 11:45:00,000 INFO  c.c.d.collector.CollectorTask - Running Collector: UDeploy
2019-04-12 11:45:00,004 INFO  c.c.d.collector.CollectorTask - -----------------------------------
2019-04-12 11:45:00,005 INFO  c.c.d.collector.CollectorTask - https://prducd01:8443
2019-04-12 11:45:00,005 INFO  c.c.d.collector.CollectorTask - -----------------------------------
2019-04-12 11:45:00,346 INFO  c.c.d.collector.CollectorTask - All apps              117        0s
2019-04-12 11:45:00,472 INFO  c.c.d.collector.CollectorTask - New apps                0        0s
2019-04-12 11:45:03,221 INFO  c.c.d.collector.CollectorTask -  CommercialGateway               2s
2019-04-12 11:45:03,222 INFO  c.c.d.collector.CollectorTask - Finished                         3s
2019-04-12 11:46:00,000 INFO  c.c.d.collector.CollectorTask - Running Collector: UDeploy
2019-04-12 11:46:00,007 INFO  c.c.d.collector.CollectorTask - -----------------------------------
2019-04-12 11:46:00,007 INFO  c.c.d.collector.CollectorTask - https://prducd01:8443
2019-04-12 11:46:00,007 INFO  c.c.d.collector.CollectorTask - -----------------------------------
2019-04-12 11:46:00,341 INFO  c.c.d.collector.CollectorTask - All apps              117        0s
2019-04-12 11:46:00,459 INFO  c.c.d.collector.CollectorTask - New apps                0        0s
2019-04-12 11:46:03,477 INFO  c.c.d.collector.CollectorTask -  CommercialGateway               3s
2019-04-12 11:46:03,477 INFO  c.c.d.collector.CollectorTask - Finished                         3s
2019-04-12 11:46:42,018 INFO  o.s.c.a.AnnotationConfigApplicationContext - Closing org.springframework.context.annotation.AnnotationConfigApplicationContext@2daf81d9: startup date [Fri Apr 12 11:41:07 UTC 2019]; parent: org.springframework.context.annotation.AnnotationConfigApplicationContext@8febf75
2019-04-12 11:46:42,022 INFO  o.s.j.e.a.AnnotationMBeanExporter - Unregistering JMX-exposed beans on shutdown
2019-04-12 11:46:42,022 INFO  o.s.j.e.a.AnnotationMBeanExporter - Unregistering JMX-exposed beans
2019-04-12 11:46:42,037 INFO  o.s.s.c.ThreadPoolTaskScheduler - Shutting down ExecutorService 'taskScheduler'
